{
  "stats": {
    "suites": 12,
    "tests": 41,
    "passes": 23,
    "pending": 0,
    "failures": 18,
    "start": "2022-04-21T12:14:05.725Z",
    "end": "2022-04-21T12:15:47.060Z",
    "duration": 101335,
    "testsRegistered": 41,
    "passPercent": 56.09756097560976,
    "pendingPercent": 0,
    "other": 0,
    "hasOther": false,
    "skipped": 0,
    "hasSkipped": false
  },
  "results": [
    {
      "uuid": "7f554f41-00ae-48f9-ac27-f6cbda8fae12",
      "title": "",
      "fullFile": "cypress/integration/project.spec.js",
      "file": "cypress/integration/project.spec.js",
      "beforeHooks": [],
      "afterHooks": [],
      "tests": [],
      "suites": [
        {
          "uuid": "49dac60a-0a0b-4bab-ab4b-1a9c4e0fe2db",
          "title": "1 - Adicione à página o título \"Paleta de Cores\".",
          "fullFile": "",
          "file": "",
          "beforeHooks": [],
          "afterHooks": [],
          "tests": [
            {
              "title": "Verifica se contém um elemento `h1` com o id `title` com o título correto",
              "fullTitle": "1 - Adicione à página o título \"Paleta de Cores\". Verifica se contém um elemento `h1` com o id `title` com o título correto",
              "timedOut": null,
              "duration": 750,
              "state": "passed",
              "speed": "slow",
              "pass": true,
              "fail": false,
              "pending": false,
              "context": null,
              "code": "cy.get('h1#title').should('contain.text', 'Paleta de Cores');",
              "err": {},
              "uuid": "1d1650d3-0b2e-4439-a141-a803d17a6dd1",
              "parentUUID": "49dac60a-0a0b-4bab-ab4b-1a9c4e0fe2db",
              "isHook": false,
              "skipped": false
            }
          ],
          "suites": [],
          "passes": [
            "1d1650d3-0b2e-4439-a141-a803d17a6dd1"
          ],
          "failures": [],
          "pending": [],
          "skipped": [],
          "duration": 750,
          "root": false,
          "rootEmpty": false,
          "_timeout": 2000
        },
        {
          "uuid": "05c8a4d5-db41-459d-8fa3-37d8d3fa374d",
          "title": "2 - Adicione à página uma paleta de quatro cores distintas.",
          "fullFile": "",
          "file": "",
          "beforeHooks": [],
          "afterHooks": [],
          "tests": [
            {
              "title": "A paleta de cores deve ser um elemento com `id` denominado `color-palette` e ter mais de 0px de altura e de largura.",
              "fullTitle": "2 - Adicione à página uma paleta de quatro cores distintas. A paleta de cores deve ser um elemento com `id` denominado `color-palette` e ter mais de 0px de altura e de largura.",
              "timedOut": null,
              "duration": 158,
              "state": "passed",
              "speed": "slow",
              "pass": true,
              "fail": false,
              "pending": false,
              "context": null,
              "code": "cy.get('#color-palette').should('be.visible');\ncy.get('#color-palette').children('.color');",
              "err": {},
              "uuid": "3d17cc5e-3f78-4b8b-9678-168df6a74e66",
              "parentUUID": "05c8a4d5-db41-459d-8fa3-37d8d3fa374d",
              "isHook": false,
              "skipped": false
            },
            {
              "title": "Verifica se cada cor individual da paleta de cores possui a `classe` chamada `color`.",
              "fullTitle": "2 - Adicione à página uma paleta de quatro cores distintas. Verifica se cada cor individual da paleta de cores possui a `classe` chamada `color`.",
              "timedOut": null,
              "duration": 166,
              "state": "passed",
              "speed": "slow",
              "pass": true,
              "fail": false,
              "pending": false,
              "context": null,
              "code": "cy.get('.color').should('have.length', 4).then(function (colors) {\n  for (var i = 0; i < colors.length; i++) {\n    cy.wrap(colors[i]).should('be.visible');\n  }\n});",
              "err": {},
              "uuid": "b93744c1-3942-4214-a40a-67c9943fa462",
              "parentUUID": "05c8a4d5-db41-459d-8fa3-37d8d3fa374d",
              "isHook": false,
              "skipped": false
            },
            {
              "title": "Verifica se a cor de fundo de cada elemento da paleta é a cor que o elemento representa. **A única cor não permitida na paleta é a cor branca.**",
              "fullTitle": "2 - Adicione à página uma paleta de quatro cores distintas. Verifica se a cor de fundo de cada elemento da paleta é a cor que o elemento representa. **A única cor não permitida na paleta é a cor branca.**",
              "timedOut": null,
              "duration": 157,
              "state": "passed",
              "speed": "slow",
              "pass": true,
              "fail": false,
              "pending": false,
              "context": null,
              "code": "cy.get('.color').each(function (color) {\n  cy.wrap(color).should('have.class', 'color').and('not.have.css', 'background-color', WHITE);\n  cy.wrap(color).should('have.css', 'background-color');\n});",
              "err": {},
              "uuid": "ebbed2ce-d533-48ad-b567-4c27cd6f3c5e",
              "parentUUID": "05c8a4d5-db41-459d-8fa3-37d8d3fa374d",
              "isHook": false,
              "skipped": false
            },
            {
              "title": "Verifica se cada elemento da paleta de cores tem uma borda preta, sólida e com 1 pixel de largura;",
              "fullTitle": "2 - Adicione à página uma paleta de quatro cores distintas. Verifica se cada elemento da paleta de cores tem uma borda preta, sólida e com 1 pixel de largura;",
              "timedOut": null,
              "duration": 155,
              "state": "passed",
              "speed": "slow",
              "pass": true,
              "fail": false,
              "pending": false,
              "context": null,
              "code": "cy.get('.color').each(function (color) {\n  cy.wrap(color).and('have.css', 'border', \"1px solid \".concat(BLACK)).and('have.class', 'color');\n});",
              "err": {},
              "uuid": "d7ad44fb-6965-4871-a74f-a98fd81f2a0f",
              "parentUUID": "05c8a4d5-db41-459d-8fa3-37d8d3fa374d",
              "isHook": false,
              "skipped": false
            },
            {
              "title": "Verifica se a paleta lista todas as cores disponíveis para utilização, lado a lado.",
              "fullTitle": "2 - Adicione à página uma paleta de quatro cores distintas. Verifica se a paleta lista todas as cores disponíveis para utilização, lado a lado.",
              "timedOut": null,
              "duration": 106,
              "state": "passed",
              "speed": "slow",
              "pass": true,
              "fail": false,
              "pending": false,
              "context": null,
              "code": "cy.get('.color').then(function (colors) {\n  for (var index = 1; index < colors.length; index += 1) {\n    var currentColor = colors[index];\n    var previousColor = colors[index - 1];\n    cy.wrap(currentColor).should('be.onTheRightOf', previousColor).and('be.horizontallyAlignedWith', previousColor);\n  }\n});",
              "err": {},
              "uuid": "b206b5b6-1221-4dd6-862d-8b1ab76c8017",
              "parentUUID": "05c8a4d5-db41-459d-8fa3-37d8d3fa374d",
              "isHook": false,
              "skipped": false
            },
            {
              "title": "Verifica se a paleta de cores está posicionada abaixo do título 'Paleta de Cores'",
              "fullTitle": "2 - Adicione à página uma paleta de quatro cores distintas. Verifica se a paleta de cores está posicionada abaixo do título 'Paleta de Cores'",
              "timedOut": null,
              "duration": 118,
              "state": "passed",
              "speed": "slow",
              "pass": true,
              "fail": false,
              "pending": false,
              "context": null,
              "code": "cy.get('h1#title').then(function (title) {\n  cy.get('#color-palette').should('be.belowOf', title);\n});",
              "err": {},
              "uuid": "deb7ef03-bf0e-4f3d-91f9-990516d606d0",
              "parentUUID": "05c8a4d5-db41-459d-8fa3-37d8d3fa374d",
              "isHook": false,
              "skipped": false
            },
            {
              "title": "Verifica se a paleta de cores não contém cores repetidas.",
              "fullTitle": "2 - Adicione à página uma paleta de quatro cores distintas. Verifica se a paleta de cores não contém cores repetidas.",
              "timedOut": null,
              "duration": 106,
              "state": "passed",
              "speed": "slow",
              "pass": true,
              "fail": false,
              "pending": false,
              "context": null,
              "code": "cy.get('.color').then(function (colors) {\n  var allColors = Array.from(colors).map(function (color) {\n    return Cypress.$(color).css('background-color');\n  });\n  cy.log(allColors);\n  var uniqColors = (0, _toConsumableArray2[\"default\"])(new Set(allColors));\n  cy.log(uniqColors);\n  expect(allColors.length).to.eq(uniqColors.length);\n});",
              "err": {},
              "uuid": "0c4efc6c-a0d9-4fc6-89a9-53ba7f9e2ef9",
              "parentUUID": "05c8a4d5-db41-459d-8fa3-37d8d3fa374d",
              "isHook": false,
              "skipped": false
            }
          ],
          "suites": [],
          "passes": [
            "3d17cc5e-3f78-4b8b-9678-168df6a74e66",
            "b93744c1-3942-4214-a40a-67c9943fa462",
            "ebbed2ce-d533-48ad-b567-4c27cd6f3c5e",
            "d7ad44fb-6965-4871-a74f-a98fd81f2a0f",
            "b206b5b6-1221-4dd6-862d-8b1ab76c8017",
            "deb7ef03-bf0e-4f3d-91f9-990516d606d0",
            "0c4efc6c-a0d9-4fc6-89a9-53ba7f9e2ef9"
          ],
          "failures": [],
          "pending": [],
          "skipped": [],
          "duration": 966,
          "root": false,
          "rootEmpty": false,
          "_timeout": 2000
        },
        {
          "uuid": "b126dc39-21c0-4722-a56f-e2029097f97d",
          "title": "3 - Adicione a cor **preta** como a primeira cor da paleta de cores.",
          "fullFile": "",
          "file": "",
          "beforeHooks": [],
          "afterHooks": [],
          "tests": [
            {
              "title": "Verifica se a primeira cor da paleta é preta",
              "fullTitle": "3 - Adicione a cor **preta** como a primeira cor da paleta de cores. Verifica se a primeira cor da paleta é preta",
              "timedOut": null,
              "duration": 100,
              "state": "passed",
              "speed": "slow",
              "pass": true,
              "fail": false,
              "pending": false,
              "context": null,
              "code": "cy.get('.color').first().should('have.css', 'background-color', BLACK);",
              "err": {},
              "uuid": "8608bd04-7d49-4373-9a96-4599f2c74dc7",
              "parentUUID": "b126dc39-21c0-4722-a56f-e2029097f97d",
              "isHook": false,
              "skipped": false
            },
            {
              "title": "Verifica se as demais cores podem ser escolhidas livremente.",
              "fullTitle": "3 - Adicione a cor **preta** como a primeira cor da paleta de cores. Verifica se as demais cores podem ser escolhidas livremente.",
              "timedOut": null,
              "duration": 273,
              "state": "passed",
              "speed": "slow",
              "pass": true,
              "fail": false,
              "pending": false,
              "context": null,
              "code": "cy.get('.color').eq(1).should('not.have.css', 'background-color', BLACK);\ncy.get('.color').eq(1).should('not.have.css', 'background-color', WHITE);\ncy.get('.color').eq(1).should('not.have.css', 'background-color', 'rgba(0, 0, 0, 0)');\ncy.get('.color').eq(1).should('have.css', 'background-color');\ncy.get('.color').eq(2).should('not.have.css', 'background-color', BLACK);\ncy.get('.color').eq(2).should('not.have.css', 'background-color', WHITE);\ncy.get('.color').eq(2).should('not.have.css', 'background-color', 'rgba(0, 0, 0, 0)');\ncy.get('.color').eq(2).should('have.css', 'background-color');\ncy.get('.color').eq(3).should('not.have.css', 'background-color', BLACK);\ncy.get('.color').eq(3).should('not.have.css', 'background-color', WHITE);\ncy.get('.color').eq(3).should('not.have.css', 'background-color', 'rgba(0, 0, 0, 0)');\ncy.get('.color').eq(3).should('have.css', 'background-color');",
              "err": {},
              "uuid": "ca5c44c6-aa23-47a4-936c-9cf22ddd4ba2",
              "parentUUID": "b126dc39-21c0-4722-a56f-e2029097f97d",
              "isHook": false,
              "skipped": false
            }
          ],
          "suites": [],
          "passes": [
            "8608bd04-7d49-4373-9a96-4599f2c74dc7",
            "ca5c44c6-aa23-47a4-936c-9cf22ddd4ba2"
          ],
          "failures": [],
          "pending": [],
          "skipped": [],
          "duration": 373,
          "root": false,
          "rootEmpty": false,
          "_timeout": 2000
        },
        {
          "uuid": "ff4ea671-394f-4465-99c2-819857dc9420",
          "title": "4 - Adicione à página um quadro de pixels, com 25 pixels.",
          "fullFile": "",
          "file": "",
          "beforeHooks": [],
          "afterHooks": [],
          "tests": [
            {
              "title": "Verifica se o quadro de pixels possui o `id` denominado `pixel-board`",
              "fullTitle": "4 - Adicione à página um quadro de pixels, com 25 pixels. Verifica se o quadro de pixels possui o `id` denominado `pixel-board`",
              "timedOut": null,
              "duration": 121,
              "state": "passed",
              "speed": "slow",
              "pass": true,
              "fail": false,
              "pending": false,
              "context": null,
              "code": "cy.get('#pixel-board').should('be.visible');",
              "err": {},
              "uuid": "5e5cee19-5778-4e35-bd7a-b08478f6585c",
              "parentUUID": "ff4ea671-394f-4465-99c2-819857dc9420",
              "isHook": false,
              "skipped": false
            },
            {
              "title": "Verifica se cada pixel individual dentro do quadro possui a `classe` denominada `pixel`.",
              "fullTitle": "4 - Adicione à página um quadro de pixels, com 25 pixels. Verifica se cada pixel individual dentro do quadro possui a `classe` denominada `pixel`.",
              "timedOut": null,
              "duration": 154,
              "state": "passed",
              "speed": "slow",
              "pass": true,
              "fail": false,
              "pending": false,
              "context": null,
              "code": "cy.get('.pixel').should('have.length', 25);",
              "err": {},
              "uuid": "3a5e7fb4-7de2-4c3a-9e1f-f249e6aa54c3",
              "parentUUID": "ff4ea671-394f-4465-99c2-819857dc9420",
              "isHook": false,
              "skipped": false
            },
            {
              "title": "Verifica se a cor inicial dos pixels dentro do quadro, ao abrir a página, é branca.",
              "fullTitle": "4 - Adicione à página um quadro de pixels, com 25 pixels. Verifica se a cor inicial dos pixels dentro do quadro, ao abrir a página, é branca.",
              "timedOut": null,
              "duration": 215,
              "state": "passed",
              "speed": "slow",
              "pass": true,
              "fail": false,
              "pending": false,
              "context": null,
              "code": "cy.get('.pixel').should('have.length', 25).each(function (pixel) {\n  expect(pixel).to.have.css('background-color', WHITE);\n});",
              "err": {},
              "uuid": "2e961d4c-17fe-41d6-afaf-95694bd40cfd",
              "parentUUID": "ff4ea671-394f-4465-99c2-819857dc9420",
              "isHook": false,
              "skipped": false
            },
            {
              "title": "Verifica se o quadro de pixels aparece abaixo da paleta de cores",
              "fullTitle": "4 - Adicione à página um quadro de pixels, com 25 pixels. Verifica se o quadro de pixels aparece abaixo da paleta de cores",
              "timedOut": null,
              "duration": 112,
              "state": "passed",
              "speed": "slow",
              "pass": true,
              "fail": false,
              "pending": false,
              "context": null,
              "code": "cy.get('#color-palette').then(function (palette) {\n  cy.get('#pixel-board').should('be.belowOf', palette);\n});",
              "err": {},
              "uuid": "dbe00f6a-177a-4f3d-bf7c-80ef723693df",
              "parentUUID": "ff4ea671-394f-4465-99c2-819857dc9420",
              "isHook": false,
              "skipped": false
            }
          ],
          "suites": [],
          "passes": [
            "5e5cee19-5778-4e35-bd7a-b08478f6585c",
            "3a5e7fb4-7de2-4c3a-9e1f-f249e6aa54c3",
            "2e961d4c-17fe-41d6-afaf-95694bd40cfd",
            "dbe00f6a-177a-4f3d-bf7c-80ef723693df"
          ],
          "failures": [],
          "pending": [],
          "skipped": [],
          "duration": 602,
          "root": false,
          "rootEmpty": false,
          "_timeout": 2000
        },
        {
          "uuid": "e7e3dc77-afde-4d95-a490-91bb667f1fc9",
          "title": "5 - Faça com que cada elemento do quadro de pixels possua 40 pixels de largura, 40 pixels de altura e seja delimitado por uma borda preta de 1 pixel.",
          "fullFile": "",
          "file": "",
          "beforeHooks": [],
          "afterHooks": [],
          "tests": [
            {
              "title": "Verifica se o quadro de pixels tem altura e comprimento de 5 elementos",
              "fullTitle": "5 - Faça com que cada elemento do quadro de pixels possua 40 pixels de largura, 40 pixels de altura e seja delimitado por uma borda preta de 1 pixel. Verifica se o quadro de pixels tem altura e comprimento de 5 elementos",
              "timedOut": null,
              "duration": 364,
              "state": "passed",
              "speed": "slow",
              "pass": true,
              "fail": false,
              "pending": false,
              "context": null,
              "code": "cy.get('.pixel').should('have.length', 25).each(function (pixel) {\n  expect(pixel).to.have.css('background-color', WHITE);\n}).and(function (pixels) {\n  var rows = chunk(pixels, 5);\n  rows.forEach(function (row) {\n    for (var index = 1; index < row.length; index += 1) {\n      var current = pixels[index];\n      var previous = pixels[index - 1];\n      cy.wrap(current).should('be.onTheRightOf', previous).and('be.horizontallyAlignedWith', previous);\n    }\n  });\n  for (var index = 1; index < 5; index += 1) {\n    expect(pixels[index * 5]).to.be.belowOf(pixels[(index - 1) * 5]);\n  }\n});",
              "err": {},
              "uuid": "2ef4c5fd-0444-481e-bc6a-8c07e341e06d",
              "parentUUID": "e7e3dc77-afde-4d95-a490-91bb667f1fc9",
              "isHook": false,
              "skipped": false
            },
            {
              "title": "Verifica se 40 pixels é o tamanho total do elemento, incluindo seu conteúdo e excluindo a borda preta, que deve ser criada à parte.",
              "fullTitle": "5 - Faça com que cada elemento do quadro de pixels possua 40 pixels de largura, 40 pixels de altura e seja delimitado por uma borda preta de 1 pixel. Verifica se 40 pixels é o tamanho total do elemento, incluindo seu conteúdo e excluindo a borda preta, que deve ser criada à parte.",
              "timedOut": null,
              "duration": 323,
              "state": "passed",
              "speed": "slow",
              "pass": true,
              "fail": false,
              "pending": false,
              "context": null,
              "code": "cy.get('.pixel').each(function (pixel) {\n  cy.wrap(pixel).should('have.css', 'height', '40px').and('have.css', 'width', '40px').and('have.css', 'border', \"1px solid \".concat(BLACK));\n});",
              "err": {},
              "uuid": "af40a27c-5664-49c8-820d-04ef1861eacc",
              "parentUUID": "e7e3dc77-afde-4d95-a490-91bb667f1fc9",
              "isHook": false,
              "skipped": false
            }
          ],
          "suites": [],
          "passes": [
            "2ef4c5fd-0444-481e-bc6a-8c07e341e06d",
            "af40a27c-5664-49c8-820d-04ef1861eacc"
          ],
          "failures": [],
          "pending": [],
          "skipped": [],
          "duration": 687,
          "root": false,
          "rootEmpty": false,
          "_timeout": 2000
        },
        {
          "uuid": "09b29629-a41e-4291-b1e0-a387f38b125b",
          "title": "6 - Defina a cor preta como cor inicial. Ao carregar a página a cor preta já deve estar selecionada para pintar os pixels",
          "fullFile": "",
          "file": "",
          "beforeHooks": [],
          "afterHooks": [],
          "tests": [
            {
              "title": "Verifica se o elemento da cor preta possui, inicialmente, a `classe` `selected`",
              "fullTitle": "6 - Defina a cor preta como cor inicial. Ao carregar a página a cor preta já deve estar selecionada para pintar os pixels Verifica se o elemento da cor preta possui, inicialmente, a `classe` `selected`",
              "timedOut": null,
              "duration": 104,
              "state": "passed",
              "speed": "slow",
              "pass": true,
              "fail": false,
              "pending": false,
              "context": null,
              "code": "cy.get('.selected').first().should('have.css', 'background-color', BLACK);",
              "err": {},
              "uuid": "486697a8-52a6-493b-97ba-0750161373fc",
              "parentUUID": "09b29629-a41e-4291-b1e0-a387f38b125b",
              "isHook": false,
              "skipped": false
            },
            {
              "title": "Verifica se nenhuma outra cor da paleta tem a `classe` `selected`",
              "fullTitle": "6 - Defina a cor preta como cor inicial. Ao carregar a página a cor preta já deve estar selecionada para pintar os pixels Verifica se nenhuma outra cor da paleta tem a `classe` `selected`",
              "timedOut": null,
              "duration": 110,
              "state": "passed",
              "speed": "slow",
              "pass": true,
              "fail": false,
              "pending": false,
              "context": null,
              "code": "cy.get('.color:not(:first-child)').each(function (color) {\n  cy.wrap(color).should('not.have.class', 'selected');\n});",
              "err": {},
              "uuid": "1ee23be8-d086-4eac-a099-367a743824dd",
              "parentUUID": "09b29629-a41e-4291-b1e0-a387f38b125b",
              "isHook": false,
              "skipped": false
            }
          ],
          "suites": [],
          "passes": [
            "486697a8-52a6-493b-97ba-0750161373fc",
            "1ee23be8-d086-4eac-a099-367a743824dd"
          ],
          "failures": [],
          "pending": [],
          "skipped": [],
          "duration": 214,
          "root": false,
          "rootEmpty": false,
          "_timeout": 2000
        },
        {
          "uuid": "fe067bed-f8aa-44cc-bb1d-f8971bc41a79",
          "title": "7 - Clicar em uma das cores da paleta, faz com que ela seja selecionada e utilizada para preencher os pixels no quadro.",
          "fullFile": "",
          "file": "",
          "beforeHooks": [],
          "afterHooks": [],
          "tests": [
            {
              "title": "Verifica se somente uma cor da paleta de cores tem a classe `selected` de cada vez",
              "fullTitle": "7 - Clicar em uma das cores da paleta, faz com que ela seja selecionada e utilizada para preencher os pixels no quadro. Verifica se somente uma cor da paleta de cores tem a classe `selected` de cada vez",
              "timedOut": null,
              "duration": 481,
              "state": "passed",
              "speed": "slow",
              "pass": true,
              "fail": false,
              "pending": false,
              "context": null,
              "code": "cy.get('.color').each(function (selectedColor, selectedColorIndex) {\n  cy.wrap(selectedColor).click();\n  cy.get('.color').each(function (color, colorIndex) {\n    if (colorIndex === selectedColorIndex) {\n      expect(color).to.have[\"class\"]('selected');\n    } else {\n      expect(color).not.to.have[\"class\"]('selected');\n    }\n  });\n});",
              "err": {},
              "uuid": "4963e8fa-86cc-4e6f-a690-5136080065c4",
              "parentUUID": "fe067bed-f8aa-44cc-bb1d-f8971bc41a79",
              "isHook": false,
              "skipped": false
            },
            {
              "title": "Verifica se os pixels dentro do quadro não têm a classe `selected` quando são clicados",
              "fullTitle": "7 - Clicar em uma das cores da paleta, faz com que ela seja selecionada e utilizada para preencher os pixels no quadro. Verifica se os pixels dentro do quadro não têm a classe `selected` quando são clicados",
              "timedOut": null,
              "duration": 9208,
              "state": "passed",
              "speed": "slow",
              "pass": true,
              "fail": false,
              "pending": false,
              "context": null,
              "code": "cy.get('.color').each(function (color) {\n  var backgroundColor = color.css('background-color');\n  cy.wrap(color).click();\n  cy.get('.pixel').each(function (pixel) {\n    cy.wrap(pixel).click().should('not.have.class', 'selected');\n  });\n});",
              "err": {},
              "uuid": "16cb90bb-7625-4c15-bda9-281d675958a9",
              "parentUUID": "fe067bed-f8aa-44cc-bb1d-f8971bc41a79",
              "isHook": false,
              "skipped": false
            }
          ],
          "suites": [],
          "passes": [
            "4963e8fa-86cc-4e6f-a690-5136080065c4",
            "16cb90bb-7625-4c15-bda9-281d675958a9"
          ],
          "failures": [],
          "pending": [],
          "skipped": [],
          "duration": 9689,
          "root": false,
          "rootEmpty": false,
          "_timeout": 2000
        },
        {
          "uuid": "9b0363b8-8ff9-4827-82e3-e6ea4b36d0e6",
          "title": "8 - Clicar em um pixel dentro do quadro após selecionar uma cor na paleta, faz com que o pixel seja preenchido com a cor selecionada.",
          "fullFile": "",
          "file": "",
          "beforeHooks": [],
          "afterHooks": [],
          "tests": [
            {
              "title": "Verifica se ao carregar a página deve ser possível pintar os pixels de preto",
              "fullTitle": "8 - Clicar em um pixel dentro do quadro após selecionar uma cor na paleta, faz com que o pixel seja preenchido com a cor selecionada. Verifica se ao carregar a página deve ser possível pintar os pixels de preto",
              "timedOut": null,
              "duration": 2392,
              "state": "passed",
              "speed": "slow",
              "pass": true,
              "fail": false,
              "pending": false,
              "context": null,
              "code": "cy.get('.pixel').each(function (pixel) {\n  cy.wrap(pixel).click().should('have.css', 'background-color', BLACK);\n});",
              "err": {},
              "uuid": "3d115819-b310-41be-a9b2-5211532e1bc6",
              "parentUUID": "9b0363b8-8ff9-4827-82e3-e6ea4b36d0e6",
              "isHook": false,
              "skipped": false
            },
            {
              "title": "Verifica se após selecionar uma outra cor na paleta, é possível pintar os pixels com essa cor",
              "fullTitle": "8 - Clicar em um pixel dentro do quadro após selecionar uma cor na paleta, faz com que o pixel seja preenchido com a cor selecionada. Verifica se após selecionar uma outra cor na paleta, é possível pintar os pixels com essa cor",
              "timedOut": null,
              "duration": 9271,
              "state": "passed",
              "speed": "slow",
              "pass": true,
              "fail": false,
              "pending": false,
              "context": null,
              "code": "cy.get('.color').each(function (color) {\n  var backgroundColor = color.css('background-color');\n  cy.wrap(color).click();\n  cy.get('.pixel').each(function (pixel) {\n    cy.wrap(pixel).click().should('have.css', 'background-color', backgroundColor);\n  });\n});",
              "err": {},
              "uuid": "35ee03bb-94d0-40fa-bf50-084d87018ee8",
              "parentUUID": "9b0363b8-8ff9-4827-82e3-e6ea4b36d0e6",
              "isHook": false,
              "skipped": false
            },
            {
              "title": "Verifica se somente o pixel que foi clicado foi preenchido com a cor selecionada, sem influenciar na cor dos demais pixels.",
              "fullTitle": "8 - Clicar em um pixel dentro do quadro após selecionar uma cor na paleta, faz com que o pixel seja preenchido com a cor selecionada. Verifica se somente o pixel que foi clicado foi preenchido com a cor selecionada, sem influenciar na cor dos demais pixels.",
              "timedOut": null,
              "duration": 1752,
              "state": "passed",
              "speed": "slow",
              "pass": true,
              "fail": false,
              "pending": false,
              "context": null,
              "code": "var colorToPixelIndexMap = {\n  0: 6,\n  1: 8,\n  2: 16,\n  3: 18\n};\ncy.get('.color').each(function (color, index) {\n  cy.wrap(color).click();\n  var backgroundColor = color.css('background-color');\n  var clickedPixelIndex = colorToPixelIndexMap[index];\n  cy.get('.pixel').eq(clickedPixelIndex).click();\n  cy.get('.pixel').eq(clickedPixelIndex - 1).should('not.have.css', 'background-color', backgroundColor);\n  cy.get('.pixel').eq(clickedPixelIndex + 1).should('not.have.css', 'background-color', backgroundColor);\n  cy.get('.pixel').eq(clickedPixelIndex - 5).should('not.have.css', 'background-color', backgroundColor);\n  cy.get('.pixel').eq(clickedPixelIndex + 5).should('not.have.css', 'background-color', backgroundColor);\n  cy.get('.pixel').eq(clickedPixelIndex - 6).should('not.have.css', 'background-color', backgroundColor);\n  cy.get('.pixel').eq(clickedPixelIndex - 4).should('not.have.css', 'background-color', backgroundColor);\n  cy.get('.pixel').eq(clickedPixelIndex + 4).should('not.have.css', 'background-color', backgroundColor);\n  cy.get('.pixel').eq(clickedPixelIndex + 6).should('not.have.css', 'background-color', backgroundColor);\n});",
              "err": {},
              "uuid": "efdd2bd9-3980-4fc8-8b6e-b8bd245a6a66",
              "parentUUID": "9b0363b8-8ff9-4827-82e3-e6ea4b36d0e6",
              "isHook": false,
              "skipped": false
            }
          ],
          "suites": [],
          "passes": [
            "3d115819-b310-41be-a9b2-5211532e1bc6",
            "35ee03bb-94d0-40fa-bf50-084d87018ee8",
            "efdd2bd9-3980-4fc8-8b6e-b8bd245a6a66"
          ],
          "failures": [],
          "pending": [],
          "skipped": [],
          "duration": 13415,
          "root": false,
          "rootEmpty": false,
          "_timeout": 2000
        },
        {
          "uuid": "7577d83e-39c1-4190-bbe7-4a084ef5f01d",
          "title": "9 - Crie um botão que, ao ser clicado, limpa o quadro preenchendo a cor de todos seus pixels com branco.",
          "fullFile": "",
          "file": "",
          "beforeHooks": [],
          "afterHooks": [],
          "tests": [
            {
              "title": "Verifica se o botão tem o `id` denominado `clear-board`",
              "fullTitle": "9 - Crie um botão que, ao ser clicado, limpa o quadro preenchendo a cor de todos seus pixels com branco. Verifica se o botão tem o `id` denominado `clear-board`",
              "timedOut": null,
              "duration": 4342,
              "state": "failed",
              "speed": null,
              "pass": false,
              "fail": true,
              "pending": false,
              "context": null,
              "code": "cy.get('#clear-board').should('be.visible');",
              "err": {
                "message": "CypressError: Timed out retrying: Expected to find element: '#clear-board', but never found it.",
                "estack": "CypressError: Timed out retrying: Expected to find element: '#clear-board', but never found it.\n    at cypressErr (http://localhost:35857/__cypress/runner/cypress_runner.js:149934:9)\n    at throwErr (http://localhost:35857/__cypress/runner/cypress_runner.js:149867:11)\n    at Object.throwErrByPath (http://localhost:35857/__cypress/runner/cypress_runner.js:149915:3)\n    at retry (http://localhost:35857/__cypress/runner/cypress_runner.js:144197:19)\n    at onFailFn (http://localhost:35857/__cypress/runner/cypress_runner.js:132448:16)\n    at tryCatcher (http://localhost:35857/__cypress/runner/cypress_runner.js:167415:23)\n    at Promise._settlePromiseFromHandler (http://localhost:35857/__cypress/runner/cypress_runner.js:165351:31)\n    at Promise._settlePromise (http://localhost:35857/__cypress/runner/cypress_runner.js:165408:18)\n    at Promise._settlePromise0 (http://localhost:35857/__cypress/runner/cypress_runner.js:165453:10)\n    at Promise._settlePromises (http://localhost:35857/__cypress/runner/cypress_runner.js:165528:18)\n    at Async../node_modules/bluebird/js/release/async.js.Async._drainQueue (http://localhost:35857/__cypress/runner/cypress_runner.js:162140:16)\n    at Async../node_modules/bluebird/js/release/async.js.Async._drainQueues (http://localhost:35857/__cypress/runner/cypress_runner.js:162150:10)\n    at Async.drainQueues (http://localhost:35857/__cypress/runner/cypress_runner.js:162024:14)",
                "diff": null
              },
              "uuid": "d06e24c2-4cd1-4ee2-9135-68fc922d49af",
              "parentUUID": "7577d83e-39c1-4190-bbe7-4a084ef5f01d",
              "isHook": false,
              "skipped": false
            },
            {
              "title": "Verifica se o botão está posicionado entre a paleta de cores e o quadro de pixels",
              "fullTitle": "9 - Crie um botão que, ao ser clicado, limpa o quadro preenchendo a cor de todos seus pixels com branco. Verifica se o botão está posicionado entre a paleta de cores e o quadro de pixels",
              "timedOut": null,
              "duration": 4358,
              "state": "failed",
              "speed": null,
              "pass": false,
              "fail": true,
              "pending": false,
              "context": null,
              "code": "cy.get('#color-palette').then(function (palette) {\n  cy.get('#clear-board').should('be.belowOf', palette);\n});\ncy.get('#clear-board').then(function (clearBtn) {\n  cy.get('#pixel-board').should('be.belowOf', clearBtn);\n});",
              "err": {
                "message": "CypressError: Timed out retrying: Expected to find element: '#clear-board', but never found it.",
                "estack": "CypressError: Timed out retrying: Expected to find element: '#clear-board', but never found it.\n    at cypressErr (http://localhost:35857/__cypress/runner/cypress_runner.js:149934:9)\n    at throwErr (http://localhost:35857/__cypress/runner/cypress_runner.js:149867:11)\n    at Object.throwErrByPath (http://localhost:35857/__cypress/runner/cypress_runner.js:149915:3)\n    at retry (http://localhost:35857/__cypress/runner/cypress_runner.js:144197:19)\n    at onFailFn (http://localhost:35857/__cypress/runner/cypress_runner.js:132448:16)\n    at tryCatcher (http://localhost:35857/__cypress/runner/cypress_runner.js:167415:23)\n    at Promise._settlePromiseFromHandler (http://localhost:35857/__cypress/runner/cypress_runner.js:165351:31)\n    at Promise._settlePromise (http://localhost:35857/__cypress/runner/cypress_runner.js:165408:18)\n    at Promise._settlePromise0 (http://localhost:35857/__cypress/runner/cypress_runner.js:165453:10)\n    at Promise._settlePromises (http://localhost:35857/__cypress/runner/cypress_runner.js:165528:18)\n    at Async../node_modules/bluebird/js/release/async.js.Async._drainQueue (http://localhost:35857/__cypress/runner/cypress_runner.js:162140:16)\n    at Async../node_modules/bluebird/js/release/async.js.Async._drainQueues (http://localhost:35857/__cypress/runner/cypress_runner.js:162150:10)\n    at Async.drainQueues (http://localhost:35857/__cypress/runner/cypress_runner.js:162024:14)",
                "diff": null
              },
              "uuid": "389eda51-7e21-431c-8ee3-4fe8b750af4b",
              "parentUUID": "7577d83e-39c1-4190-bbe7-4a084ef5f01d",
              "isHook": false,
              "skipped": false
            },
            {
              "title": "Verifica se o texto do botão é 'Limpar'",
              "fullTitle": "9 - Crie um botão que, ao ser clicado, limpa o quadro preenchendo a cor de todos seus pixels com branco. Verifica se o texto do botão é 'Limpar'",
              "timedOut": null,
              "duration": 4332,
              "state": "failed",
              "speed": null,
              "pass": false,
              "fail": true,
              "pending": false,
              "context": null,
              "code": "cy.get('#clear-board').should('contain.text', 'Limpar');",
              "err": {
                "message": "CypressError: Timed out retrying: Expected to find element: '#clear-board', but never found it.",
                "estack": "CypressError: Timed out retrying: Expected to find element: '#clear-board', but never found it.\n    at cypressErr (http://localhost:35857/__cypress/runner/cypress_runner.js:149934:9)\n    at throwErr (http://localhost:35857/__cypress/runner/cypress_runner.js:149867:11)\n    at Object.throwErrByPath (http://localhost:35857/__cypress/runner/cypress_runner.js:149915:3)\n    at retry (http://localhost:35857/__cypress/runner/cypress_runner.js:144197:19)\n    at onFailFn (http://localhost:35857/__cypress/runner/cypress_runner.js:132448:16)\n    at tryCatcher (http://localhost:35857/__cypress/runner/cypress_runner.js:167415:23)\n    at Promise._settlePromiseFromHandler (http://localhost:35857/__cypress/runner/cypress_runner.js:165351:31)\n    at Promise._settlePromise (http://localhost:35857/__cypress/runner/cypress_runner.js:165408:18)\n    at Promise._settlePromise0 (http://localhost:35857/__cypress/runner/cypress_runner.js:165453:10)\n    at Promise._settlePromises (http://localhost:35857/__cypress/runner/cypress_runner.js:165528:18)\n    at Async../node_modules/bluebird/js/release/async.js.Async._drainQueue (http://localhost:35857/__cypress/runner/cypress_runner.js:162140:16)\n    at Async../node_modules/bluebird/js/release/async.js.Async._drainQueues (http://localhost:35857/__cypress/runner/cypress_runner.js:162150:10)\n    at Async.drainQueues (http://localhost:35857/__cypress/runner/cypress_runner.js:162024:14)",
                "diff": null
              },
              "uuid": "af67b930-3dc7-4abf-b6a9-0ef8bfca7236",
              "parentUUID": "7577d83e-39c1-4190-bbe7-4a084ef5f01d",
              "isHook": false,
              "skipped": false
            },
            {
              "title": "Verifica se ao clicar no botão, o quadro de pixels é totalmente preenchido de branco",
              "fullTitle": "9 - Crie um botão que, ao ser clicado, limpa o quadro preenchendo a cor de todos seus pixels com branco. Verifica se ao clicar no botão, o quadro de pixels é totalmente preenchido de branco",
              "timedOut": null,
              "duration": 6746,
              "state": "failed",
              "speed": null,
              "pass": false,
              "fail": true,
              "pending": false,
              "context": null,
              "code": "cy.get('.color').eq(1).then(function (color) {\n  var backgroundColor = color.css('background-color');\n  cy.wrap(color).click();\n  cy.get('.pixel').each(function (pixel) {\n    cy.wrap(pixel).click().should('have.css', 'background-color', backgroundColor);\n  });\n});\ncy.get('#clear-board').click();\ncy.get('.pixel').each(function (pixel) {\n  cy.wrap(pixel).should('have.css', 'background-color', WHITE);\n});",
              "err": {
                "message": "CypressError: Timed out retrying: Expected to find element: '#clear-board', but never found it.",
                "estack": "CypressError: Timed out retrying: Expected to find element: '#clear-board', but never found it.\n    at cypressErr (http://localhost:35857/__cypress/runner/cypress_runner.js:149934:9)\n    at throwErr (http://localhost:35857/__cypress/runner/cypress_runner.js:149867:11)\n    at Object.throwErrByPath (http://localhost:35857/__cypress/runner/cypress_runner.js:149915:3)\n    at retry (http://localhost:35857/__cypress/runner/cypress_runner.js:144197:19)\n    at onFailFn (http://localhost:35857/__cypress/runner/cypress_runner.js:132448:16)\n    at tryCatcher (http://localhost:35857/__cypress/runner/cypress_runner.js:167415:23)\n    at Promise._settlePromiseFromHandler (http://localhost:35857/__cypress/runner/cypress_runner.js:165351:31)\n    at Promise._settlePromise (http://localhost:35857/__cypress/runner/cypress_runner.js:165408:18)\n    at Promise._settlePromise0 (http://localhost:35857/__cypress/runner/cypress_runner.js:165453:10)\n    at Promise._settlePromises (http://localhost:35857/__cypress/runner/cypress_runner.js:165528:18)\n    at Async../node_modules/bluebird/js/release/async.js.Async._drainQueue (http://localhost:35857/__cypress/runner/cypress_runner.js:162140:16)\n    at Async../node_modules/bluebird/js/release/async.js.Async._drainQueues (http://localhost:35857/__cypress/runner/cypress_runner.js:162150:10)\n    at Async.drainQueues (http://localhost:35857/__cypress/runner/cypress_runner.js:162024:14)",
                "diff": null
              },
              "uuid": "b8df4a8c-1838-46ab-ae8a-881d98351d1e",
              "parentUUID": "7577d83e-39c1-4190-bbe7-4a084ef5f01d",
              "isHook": false,
              "skipped": false
            }
          ],
          "suites": [],
          "passes": [],
          "failures": [
            "d06e24c2-4cd1-4ee2-9135-68fc922d49af",
            "389eda51-7e21-431c-8ee3-4fe8b750af4b",
            "af67b930-3dc7-4abf-b6a9-0ef8bfca7236",
            "b8df4a8c-1838-46ab-ae8a-881d98351d1e"
          ],
          "pending": [],
          "skipped": [],
          "duration": 19778,
          "root": false,
          "rootEmpty": false,
          "_timeout": 2000
        },
        {
          "uuid": "c22ea1ed-eaef-45c7-80aa-8fed5801a942",
          "title": "10 - Faça o quadro de pixels ter seu tamanho definido pelo usuário.",
          "fullFile": "",
          "file": "",
          "beforeHooks": [],
          "afterHooks": [],
          "tests": [
            {
              "title": "Verifica se existe um input com o id `board-size`",
              "fullTitle": "10 - Faça o quadro de pixels ter seu tamanho definido pelo usuário. Verifica se existe um input com o id `board-size`",
              "timedOut": null,
              "duration": 4392,
              "state": "failed",
              "speed": null,
              "pass": false,
              "fail": true,
              "pending": false,
              "context": null,
              "code": "cy.get('#board-size').should('be.visible');",
              "err": {
                "message": "CypressError: Timed out retrying: Expected to find element: '#board-size', but never found it.",
                "estack": "CypressError: Timed out retrying: Expected to find element: '#board-size', but never found it.\n    at cypressErr (http://localhost:35857/__cypress/runner/cypress_runner.js:149934:9)\n    at throwErr (http://localhost:35857/__cypress/runner/cypress_runner.js:149867:11)\n    at Object.throwErrByPath (http://localhost:35857/__cypress/runner/cypress_runner.js:149915:3)\n    at retry (http://localhost:35857/__cypress/runner/cypress_runner.js:144197:19)\n    at onFailFn (http://localhost:35857/__cypress/runner/cypress_runner.js:132448:16)\n    at tryCatcher (http://localhost:35857/__cypress/runner/cypress_runner.js:167415:23)\n    at Promise._settlePromiseFromHandler (http://localhost:35857/__cypress/runner/cypress_runner.js:165351:31)\n    at Promise._settlePromise (http://localhost:35857/__cypress/runner/cypress_runner.js:165408:18)\n    at Promise._settlePromise0 (http://localhost:35857/__cypress/runner/cypress_runner.js:165453:10)\n    at Promise._settlePromises (http://localhost:35857/__cypress/runner/cypress_runner.js:165528:18)\n    at Async../node_modules/bluebird/js/release/async.js.Async._drainQueue (http://localhost:35857/__cypress/runner/cypress_runner.js:162140:16)\n    at Async../node_modules/bluebird/js/release/async.js.Async._drainQueues (http://localhost:35857/__cypress/runner/cypress_runner.js:162150:10)\n    at Async.drainQueues (http://localhost:35857/__cypress/runner/cypress_runner.js:162024:14)",
                "diff": null
              },
              "uuid": "d8678b3f-e87d-4239-9174-020d5f025291",
              "parentUUID": "c22ea1ed-eaef-45c7-80aa-8fed5801a942",
              "isHook": false,
              "skipped": false
            },
            {
              "title": "Verifica se existe um botão com o id `generate-board`",
              "fullTitle": "10 - Faça o quadro de pixels ter seu tamanho definido pelo usuário. Verifica se existe um botão com o id `generate-board`",
              "timedOut": null,
              "duration": 4410,
              "state": "failed",
              "speed": null,
              "pass": false,
              "fail": true,
              "pending": false,
              "context": null,
              "code": "cy.get('#generate-board').should('be.visible');",
              "err": {
                "message": "CypressError: Timed out retrying: Expected to find element: '#generate-board', but never found it.",
                "estack": "CypressError: Timed out retrying: Expected to find element: '#generate-board', but never found it.\n    at cypressErr (http://localhost:35857/__cypress/runner/cypress_runner.js:149934:9)\n    at throwErr (http://localhost:35857/__cypress/runner/cypress_runner.js:149867:11)\n    at Object.throwErrByPath (http://localhost:35857/__cypress/runner/cypress_runner.js:149915:3)\n    at retry (http://localhost:35857/__cypress/runner/cypress_runner.js:144197:19)\n    at onFailFn (http://localhost:35857/__cypress/runner/cypress_runner.js:132448:16)\n    at tryCatcher (http://localhost:35857/__cypress/runner/cypress_runner.js:167415:23)\n    at Promise._settlePromiseFromHandler (http://localhost:35857/__cypress/runner/cypress_runner.js:165351:31)\n    at Promise._settlePromise (http://localhost:35857/__cypress/runner/cypress_runner.js:165408:18)\n    at Promise._settlePromise0 (http://localhost:35857/__cypress/runner/cypress_runner.js:165453:10)\n    at Promise._settlePromises (http://localhost:35857/__cypress/runner/cypress_runner.js:165528:18)\n    at Async../node_modules/bluebird/js/release/async.js.Async._drainQueue (http://localhost:35857/__cypress/runner/cypress_runner.js:162140:16)\n    at Async../node_modules/bluebird/js/release/async.js.Async._drainQueues (http://localhost:35857/__cypress/runner/cypress_runner.js:162150:10)\n    at Async.drainQueues (http://localhost:35857/__cypress/runner/cypress_runner.js:162024:14)",
                "diff": null
              },
              "uuid": "8b9c879e-c22f-426c-8c0c-623c68456667",
              "parentUUID": "c22ea1ed-eaef-45c7-80aa-8fed5801a942",
              "isHook": false,
              "skipped": false
            },
            {
              "title": "Verifica se o input só aceita número maiores que zero. Essa restrição deve ser feita usando os atributos do elemento `input`",
              "fullTitle": "10 - Faça o quadro de pixels ter seu tamanho definido pelo usuário. Verifica se o input só aceita número maiores que zero. Essa restrição deve ser feita usando os atributos do elemento `input`",
              "timedOut": null,
              "duration": 4359,
              "state": "failed",
              "speed": null,
              "pass": false,
              "fail": true,
              "pending": false,
              "context": null,
              "code": "cy.get('#board-size[type=\\'number\\'][min=\\'1\\']');",
              "err": {
                "message": "CypressError: Timed out retrying: Expected to find element: '#board-size[type='number'][min='1']', but never found it.",
                "estack": "CypressError: Timed out retrying: Expected to find element: '#board-size[type='number'][min='1']', but never found it.\n    at cypressErr (http://localhost:35857/__cypress/runner/cypress_runner.js:149934:9)\n    at throwErr (http://localhost:35857/__cypress/runner/cypress_runner.js:149867:11)\n    at Object.throwErrByPath (http://localhost:35857/__cypress/runner/cypress_runner.js:149915:3)\n    at retry (http://localhost:35857/__cypress/runner/cypress_runner.js:144197:19)\n    at onFailFn (http://localhost:35857/__cypress/runner/cypress_runner.js:132448:16)\n    at tryCatcher (http://localhost:35857/__cypress/runner/cypress_runner.js:167415:23)\n    at Promise._settlePromiseFromHandler (http://localhost:35857/__cypress/runner/cypress_runner.js:165351:31)\n    at Promise._settlePromise (http://localhost:35857/__cypress/runner/cypress_runner.js:165408:18)\n    at Promise._settlePromise0 (http://localhost:35857/__cypress/runner/cypress_runner.js:165453:10)\n    at Promise._settlePromises (http://localhost:35857/__cypress/runner/cypress_runner.js:165528:18)\n    at Async../node_modules/bluebird/js/release/async.js.Async._drainQueue (http://localhost:35857/__cypress/runner/cypress_runner.js:162140:16)\n    at Async../node_modules/bluebird/js/release/async.js.Async._drainQueues (http://localhost:35857/__cypress/runner/cypress_runner.js:162150:10)\n    at Async.drainQueues (http://localhost:35857/__cypress/runner/cypress_runner.js:162024:14)",
                "diff": null
              },
              "uuid": "2999cc6e-27a4-493c-a8f7-bb01a3c8621a",
              "parentUUID": "c22ea1ed-eaef-45c7-80aa-8fed5801a942",
              "isHook": false,
              "skipped": false
            },
            {
              "title": "Verifica se o botão contém o texto 'VQV'",
              "fullTitle": "10 - Faça o quadro de pixels ter seu tamanho definido pelo usuário. Verifica se o botão contém o texto 'VQV'",
              "timedOut": null,
              "duration": 4334,
              "state": "failed",
              "speed": null,
              "pass": false,
              "fail": true,
              "pending": false,
              "context": null,
              "code": "cy.get('#generate-board').contains(/vqv/i);",
              "err": {
                "message": "CypressError: Timed out retrying: Expected to find element: '#generate-board', but never found it.",
                "estack": "CypressError: Timed out retrying: Expected to find element: '#generate-board', but never found it.\n    at cypressErr (http://localhost:35857/__cypress/runner/cypress_runner.js:149934:9)\n    at throwErr (http://localhost:35857/__cypress/runner/cypress_runner.js:149867:11)\n    at Object.throwErrByPath (http://localhost:35857/__cypress/runner/cypress_runner.js:149915:3)\n    at retry (http://localhost:35857/__cypress/runner/cypress_runner.js:144197:19)\n    at onFailFn (http://localhost:35857/__cypress/runner/cypress_runner.js:132448:16)\n    at tryCatcher (http://localhost:35857/__cypress/runner/cypress_runner.js:167415:23)\n    at Promise._settlePromiseFromHandler (http://localhost:35857/__cypress/runner/cypress_runner.js:165351:31)\n    at Promise._settlePromise (http://localhost:35857/__cypress/runner/cypress_runner.js:165408:18)\n    at Promise._settlePromise0 (http://localhost:35857/__cypress/runner/cypress_runner.js:165453:10)\n    at Promise._settlePromises (http://localhost:35857/__cypress/runner/cypress_runner.js:165528:18)\n    at Async../node_modules/bluebird/js/release/async.js.Async._drainQueue (http://localhost:35857/__cypress/runner/cypress_runner.js:162140:16)\n    at Async../node_modules/bluebird/js/release/async.js.Async._drainQueues (http://localhost:35857/__cypress/runner/cypress_runner.js:162150:10)\n    at Async.drainQueues (http://localhost:35857/__cypress/runner/cypress_runner.js:162024:14)",
                "diff": null
              },
              "uuid": "0c128a3b-8b53-49bc-8433-7fba02682d49",
              "parentUUID": "c22ea1ed-eaef-45c7-80aa-8fed5801a942",
              "isHook": false,
              "skipped": false
            },
            {
              "title": "Verifica se o input está posicionado entre a paleta de cores e o quadro de pixels",
              "fullTitle": "10 - Faça o quadro de pixels ter seu tamanho definido pelo usuário. Verifica se o input está posicionado entre a paleta de cores e o quadro de pixels",
              "timedOut": null,
              "duration": 4357,
              "state": "failed",
              "speed": null,
              "pass": false,
              "fail": true,
              "pending": false,
              "context": null,
              "code": "cy.get('#color-palette').then(function (palette) {\n  cy.get('#board-size').should('be.belowOf', palette);\n});\ncy.get('#board-size').then(function (palette) {\n  cy.get('#pixel-board').should('be.belowOf', palette);\n});",
              "err": {
                "message": "CypressError: Timed out retrying: Expected to find element: '#board-size', but never found it.",
                "estack": "CypressError: Timed out retrying: Expected to find element: '#board-size', but never found it.\n    at cypressErr (http://localhost:35857/__cypress/runner/cypress_runner.js:149934:9)\n    at throwErr (http://localhost:35857/__cypress/runner/cypress_runner.js:149867:11)\n    at Object.throwErrByPath (http://localhost:35857/__cypress/runner/cypress_runner.js:149915:3)\n    at retry (http://localhost:35857/__cypress/runner/cypress_runner.js:144197:19)\n    at onFailFn (http://localhost:35857/__cypress/runner/cypress_runner.js:132448:16)\n    at tryCatcher (http://localhost:35857/__cypress/runner/cypress_runner.js:167415:23)\n    at Promise._settlePromiseFromHandler (http://localhost:35857/__cypress/runner/cypress_runner.js:165351:31)\n    at Promise._settlePromise (http://localhost:35857/__cypress/runner/cypress_runner.js:165408:18)\n    at Promise._settlePromise0 (http://localhost:35857/__cypress/runner/cypress_runner.js:165453:10)\n    at Promise._settlePromises (http://localhost:35857/__cypress/runner/cypress_runner.js:165528:18)\n    at Async../node_modules/bluebird/js/release/async.js.Async._drainQueue (http://localhost:35857/__cypress/runner/cypress_runner.js:162140:16)\n    at Async../node_modules/bluebird/js/release/async.js.Async._drainQueues (http://localhost:35857/__cypress/runner/cypress_runner.js:162150:10)\n    at Async.drainQueues (http://localhost:35857/__cypress/runner/cypress_runner.js:162024:14)",
                "diff": null
              },
              "uuid": "ba954af9-7db9-4573-9a6d-4b28fb1871e9",
              "parentUUID": "c22ea1ed-eaef-45c7-80aa-8fed5801a942",
              "isHook": false,
              "skipped": false
            },
            {
              "title": "Verifica se o botão está posicionado ao lado do input",
              "fullTitle": "10 - Faça o quadro de pixels ter seu tamanho definido pelo usuário. Verifica se o botão está posicionado ao lado do input",
              "timedOut": null,
              "duration": 4391,
              "state": "failed",
              "speed": null,
              "pass": false,
              "fail": true,
              "pending": false,
              "context": null,
              "code": "cy.get('#board-size').then(function (board) {\n  cy.get('#generate-board').should('be.onTheRightOf', board);\n});",
              "err": {
                "message": "CypressError: Timed out retrying: Expected to find element: '#board-size', but never found it.",
                "estack": "CypressError: Timed out retrying: Expected to find element: '#board-size', but never found it.\n    at cypressErr (http://localhost:35857/__cypress/runner/cypress_runner.js:149934:9)\n    at throwErr (http://localhost:35857/__cypress/runner/cypress_runner.js:149867:11)\n    at Object.throwErrByPath (http://localhost:35857/__cypress/runner/cypress_runner.js:149915:3)\n    at retry (http://localhost:35857/__cypress/runner/cypress_runner.js:144197:19)\n    at onFailFn (http://localhost:35857/__cypress/runner/cypress_runner.js:132448:16)\n    at tryCatcher (http://localhost:35857/__cypress/runner/cypress_runner.js:167415:23)\n    at Promise._settlePromiseFromHandler (http://localhost:35857/__cypress/runner/cypress_runner.js:165351:31)\n    at Promise._settlePromise (http://localhost:35857/__cypress/runner/cypress_runner.js:165408:18)\n    at Promise._settlePromise0 (http://localhost:35857/__cypress/runner/cypress_runner.js:165453:10)\n    at Promise._settlePromises (http://localhost:35857/__cypress/runner/cypress_runner.js:165528:18)\n    at Async../node_modules/bluebird/js/release/async.js.Async._drainQueue (http://localhost:35857/__cypress/runner/cypress_runner.js:162140:16)\n    at Async../node_modules/bluebird/js/release/async.js.Async._drainQueues (http://localhost:35857/__cypress/runner/cypress_runner.js:162150:10)\n    at Async.drainQueues (http://localhost:35857/__cypress/runner/cypress_runner.js:162024:14)",
                "diff": null
              },
              "uuid": "b209a5ad-4985-4d16-9f9b-c8d6f1648a17",
              "parentUUID": "c22ea1ed-eaef-45c7-80aa-8fed5801a942",
              "isHook": false,
              "skipped": false
            },
            {
              "title": "Verifica se nenhum valor for colocado no input ao clicar no botão, um `alert` é exibido com o texto: 'Board inválido!'",
              "fullTitle": "10 - Faça o quadro de pixels ter seu tamanho definido pelo usuário. Verifica se nenhum valor for colocado no input ao clicar no botão, um `alert` é exibido com o texto: 'Board inválido!'",
              "timedOut": null,
              "duration": 4413,
              "state": "failed",
              "speed": null,
              "pass": false,
              "fail": true,
              "pending": false,
              "context": null,
              "code": "var alerted = false;\ncy.on('window:alert', function (msg) {\n  return alerted = msg;\n});\ncy.get('#generate-board').click().then(function () {\n  return expect(alerted).to.match(/Board inválido!/i);\n});",
              "err": {
                "message": "CypressError: Timed out retrying: Expected to find element: '#generate-board', but never found it.",
                "estack": "CypressError: Timed out retrying: Expected to find element: '#generate-board', but never found it.\n    at cypressErr (http://localhost:35857/__cypress/runner/cypress_runner.js:149934:9)\n    at throwErr (http://localhost:35857/__cypress/runner/cypress_runner.js:149867:11)\n    at Object.throwErrByPath (http://localhost:35857/__cypress/runner/cypress_runner.js:149915:3)\n    at retry (http://localhost:35857/__cypress/runner/cypress_runner.js:144197:19)\n    at onFailFn (http://localhost:35857/__cypress/runner/cypress_runner.js:132448:16)\n    at tryCatcher (http://localhost:35857/__cypress/runner/cypress_runner.js:167415:23)\n    at Promise._settlePromiseFromHandler (http://localhost:35857/__cypress/runner/cypress_runner.js:165351:31)\n    at Promise._settlePromise (http://localhost:35857/__cypress/runner/cypress_runner.js:165408:18)\n    at Promise._settlePromise0 (http://localhost:35857/__cypress/runner/cypress_runner.js:165453:10)\n    at Promise._settlePromises (http://localhost:35857/__cypress/runner/cypress_runner.js:165528:18)\n    at Async../node_modules/bluebird/js/release/async.js.Async._drainQueue (http://localhost:35857/__cypress/runner/cypress_runner.js:162140:16)\n    at Async../node_modules/bluebird/js/release/async.js.Async._drainQueues (http://localhost:35857/__cypress/runner/cypress_runner.js:162150:10)\n    at Async.drainQueues (http://localhost:35857/__cypress/runner/cypress_runner.js:162024:14)",
                "diff": null
              },
              "uuid": "985e9f28-d185-4a1b-9d37-209a8d3da680",
              "parentUUID": "c22ea1ed-eaef-45c7-80aa-8fed5801a942",
              "isHook": false,
              "skipped": false
            },
            {
              "title": "Verifica se ao clicar no botão com um valor preenchido, o tamanho do board muda.",
              "fullTitle": "10 - Faça o quadro de pixels ter seu tamanho definido pelo usuário. Verifica se ao clicar no botão com um valor preenchido, o tamanho do board muda.",
              "timedOut": null,
              "duration": 4417,
              "state": "failed",
              "speed": null,
              "pass": false,
              "fail": true,
              "pending": false,
              "context": null,
              "code": "cy.get('#board-size').clear().type(10);\ncy.get('#generate-board').click();\ncy.get('.pixel').should('have.length', 100);",
              "err": {
                "message": "CypressError: Timed out retrying: Expected to find element: '#board-size', but never found it.",
                "estack": "CypressError: Timed out retrying: Expected to find element: '#board-size', but never found it.\n    at cypressErr (http://localhost:35857/__cypress/runner/cypress_runner.js:149934:9)\n    at throwErr (http://localhost:35857/__cypress/runner/cypress_runner.js:149867:11)\n    at Object.throwErrByPath (http://localhost:35857/__cypress/runner/cypress_runner.js:149915:3)\n    at retry (http://localhost:35857/__cypress/runner/cypress_runner.js:144197:19)\n    at onFailFn (http://localhost:35857/__cypress/runner/cypress_runner.js:132448:16)\n    at tryCatcher (http://localhost:35857/__cypress/runner/cypress_runner.js:167415:23)\n    at Promise._settlePromiseFromHandler (http://localhost:35857/__cypress/runner/cypress_runner.js:165351:31)\n    at Promise._settlePromise (http://localhost:35857/__cypress/runner/cypress_runner.js:165408:18)\n    at Promise._settlePromise0 (http://localhost:35857/__cypress/runner/cypress_runner.js:165453:10)\n    at Promise._settlePromises (http://localhost:35857/__cypress/runner/cypress_runner.js:165528:18)\n    at Async../node_modules/bluebird/js/release/async.js.Async._drainQueue (http://localhost:35857/__cypress/runner/cypress_runner.js:162140:16)\n    at Async../node_modules/bluebird/js/release/async.js.Async._drainQueues (http://localhost:35857/__cypress/runner/cypress_runner.js:162150:10)\n    at Async.drainQueues (http://localhost:35857/__cypress/runner/cypress_runner.js:162024:14)",
                "diff": null
              },
              "uuid": "d2e42430-c1e0-421a-95b3-84ec6f85d678",
              "parentUUID": "c22ea1ed-eaef-45c7-80aa-8fed5801a942",
              "isHook": false,
              "skipped": false
            },
            {
              "title": "Verifica se o novo quadro tem todos os pixels preenchidos com a cor branca",
              "fullTitle": "10 - Faça o quadro de pixels ter seu tamanho definido pelo usuário. Verifica se o novo quadro tem todos os pixels preenchidos com a cor branca",
              "timedOut": null,
              "duration": 4439,
              "state": "failed",
              "speed": null,
              "pass": false,
              "fail": true,
              "pending": false,
              "context": null,
              "code": "cy.get('#board-size').clear().type(6);\ncy.get('#generate-board').click();\ncy.get('.pixel').should('have.length', 36).each(function (pixel) {\n  expect(pixel).to.have.css('background-color', WHITE);\n});",
              "err": {
                "message": "CypressError: Timed out retrying: Expected to find element: '#board-size', but never found it.",
                "estack": "CypressError: Timed out retrying: Expected to find element: '#board-size', but never found it.\n    at cypressErr (http://localhost:35857/__cypress/runner/cypress_runner.js:149934:9)\n    at throwErr (http://localhost:35857/__cypress/runner/cypress_runner.js:149867:11)\n    at Object.throwErrByPath (http://localhost:35857/__cypress/runner/cypress_runner.js:149915:3)\n    at retry (http://localhost:35857/__cypress/runner/cypress_runner.js:144197:19)\n    at onFailFn (http://localhost:35857/__cypress/runner/cypress_runner.js:132448:16)\n    at tryCatcher (http://localhost:35857/__cypress/runner/cypress_runner.js:167415:23)\n    at Promise._settlePromiseFromHandler (http://localhost:35857/__cypress/runner/cypress_runner.js:165351:31)\n    at Promise._settlePromise (http://localhost:35857/__cypress/runner/cypress_runner.js:165408:18)\n    at Promise._settlePromise0 (http://localhost:35857/__cypress/runner/cypress_runner.js:165453:10)\n    at Promise._settlePromises (http://localhost:35857/__cypress/runner/cypress_runner.js:165528:18)\n    at Async../node_modules/bluebird/js/release/async.js.Async._drainQueue (http://localhost:35857/__cypress/runner/cypress_runner.js:162140:16)\n    at Async../node_modules/bluebird/js/release/async.js.Async._drainQueues (http://localhost:35857/__cypress/runner/cypress_runner.js:162150:10)\n    at Async.drainQueues (http://localhost:35857/__cypress/runner/cypress_runner.js:162024:14)",
                "diff": null
              },
              "uuid": "4eb7fc82-3cdf-41cf-a48a-e1bd0e7901c7",
              "parentUUID": "c22ea1ed-eaef-45c7-80aa-8fed5801a942",
              "isHook": false,
              "skipped": false
            }
          ],
          "suites": [],
          "passes": [],
          "failures": [
            "d8678b3f-e87d-4239-9174-020d5f025291",
            "8b9c879e-c22f-426c-8c0c-623c68456667",
            "2999cc6e-27a4-493c-a8f7-bb01a3c8621a",
            "0c128a3b-8b53-49bc-8433-7fba02682d49",
            "ba954af9-7db9-4573-9a6d-4b28fb1871e9",
            "b209a5ad-4985-4d16-9f9b-c8d6f1648a17",
            "985e9f28-d185-4a1b-9d37-209a8d3da680",
            "d2e42430-c1e0-421a-95b3-84ec6f85d678",
            "4eb7fc82-3cdf-41cf-a48a-e1bd0e7901c7"
          ],
          "pending": [],
          "skipped": [],
          "duration": 39512,
          "root": false,
          "rootEmpty": false,
          "_timeout": 2000
        },
        {
          "uuid": "8daeb68d-0b2c-4a2d-b6f9-bb0c3c983516",
          "title": "11 - Limite o tamanho mínimo e máximo do board.",
          "fullFile": "",
          "file": "",
          "beforeHooks": [],
          "afterHooks": [],
          "tests": [
            {
              "title": "Verifica se a altura máxima do board é 50",
              "fullTitle": "11 - Limite o tamanho mínimo e máximo do board. Verifica se a altura máxima do board é 50",
              "timedOut": null,
              "duration": 4407,
              "state": "failed",
              "speed": null,
              "pass": false,
              "fail": true,
              "pending": false,
              "context": null,
              "code": "cy.get('#board-size').clear().type(50);\ncy.get('#generate-board').click();\ncy.get('.pixel').should('have.length', 2500);",
              "err": {
                "message": "CypressError: Timed out retrying: Expected to find element: '#board-size', but never found it.",
                "estack": "CypressError: Timed out retrying: Expected to find element: '#board-size', but never found it.\n    at cypressErr (http://localhost:35857/__cypress/runner/cypress_runner.js:149934:9)\n    at throwErr (http://localhost:35857/__cypress/runner/cypress_runner.js:149867:11)\n    at Object.throwErrByPath (http://localhost:35857/__cypress/runner/cypress_runner.js:149915:3)\n    at retry (http://localhost:35857/__cypress/runner/cypress_runner.js:144197:19)\n    at onFailFn (http://localhost:35857/__cypress/runner/cypress_runner.js:132448:16)\n    at tryCatcher (http://localhost:35857/__cypress/runner/cypress_runner.js:167415:23)\n    at Promise._settlePromiseFromHandler (http://localhost:35857/__cypress/runner/cypress_runner.js:165351:31)\n    at Promise._settlePromise (http://localhost:35857/__cypress/runner/cypress_runner.js:165408:18)\n    at Promise._settlePromise0 (http://localhost:35857/__cypress/runner/cypress_runner.js:165453:10)\n    at Promise._settlePromises (http://localhost:35857/__cypress/runner/cypress_runner.js:165528:18)\n    at Async../node_modules/bluebird/js/release/async.js.Async._drainQueue (http://localhost:35857/__cypress/runner/cypress_runner.js:162140:16)\n    at Async../node_modules/bluebird/js/release/async.js.Async._drainQueues (http://localhost:35857/__cypress/runner/cypress_runner.js:162150:10)\n    at Async.drainQueues (http://localhost:35857/__cypress/runner/cypress_runner.js:162024:14)",
                "diff": null
              },
              "uuid": "0655b4eb-172e-45c9-a5ed-43e25aa04fff",
              "parentUUID": "8daeb68d-0b2c-4a2d-b6f9-bb0c3c983516",
              "isHook": false,
              "skipped": false
            },
            {
              "title": "Verifica se a altura do board é 5 quando um valor menor é colocado no input",
              "fullTitle": "11 - Limite o tamanho mínimo e máximo do board. Verifica se a altura do board é 5 quando um valor menor é colocado no input",
              "timedOut": null,
              "duration": 4397,
              "state": "failed",
              "speed": null,
              "pass": false,
              "fail": true,
              "pending": false,
              "context": null,
              "code": "cy.get('#board-size').clear().type(4);\ncy.get('#generate-board').click();\ncy.get('.pixel').should('have.length', 25);",
              "err": {
                "message": "CypressError: Timed out retrying: Expected to find element: '#board-size', but never found it.",
                "estack": "CypressError: Timed out retrying: Expected to find element: '#board-size', but never found it.\n    at cypressErr (http://localhost:35857/__cypress/runner/cypress_runner.js:149934:9)\n    at throwErr (http://localhost:35857/__cypress/runner/cypress_runner.js:149867:11)\n    at Object.throwErrByPath (http://localhost:35857/__cypress/runner/cypress_runner.js:149915:3)\n    at retry (http://localhost:35857/__cypress/runner/cypress_runner.js:144197:19)\n    at onFailFn (http://localhost:35857/__cypress/runner/cypress_runner.js:132448:16)\n    at tryCatcher (http://localhost:35857/__cypress/runner/cypress_runner.js:167415:23)\n    at Promise._settlePromiseFromHandler (http://localhost:35857/__cypress/runner/cypress_runner.js:165351:31)\n    at Promise._settlePromise (http://localhost:35857/__cypress/runner/cypress_runner.js:165408:18)\n    at Promise._settlePromise0 (http://localhost:35857/__cypress/runner/cypress_runner.js:165453:10)\n    at Promise._settlePromises (http://localhost:35857/__cypress/runner/cypress_runner.js:165528:18)\n    at Async../node_modules/bluebird/js/release/async.js.Async._drainQueue (http://localhost:35857/__cypress/runner/cypress_runner.js:162140:16)\n    at Async../node_modules/bluebird/js/release/async.js.Async._drainQueues (http://localhost:35857/__cypress/runner/cypress_runner.js:162150:10)\n    at Async.drainQueues (http://localhost:35857/__cypress/runner/cypress_runner.js:162024:14)",
                "diff": null
              },
              "uuid": "11ac6ae0-5fe1-47e2-8866-6c2222a2ec08",
              "parentUUID": "8daeb68d-0b2c-4a2d-b6f9-bb0c3c983516",
              "isHook": false,
              "skipped": false
            },
            {
              "title": "Verifica se a altura do board é 50 quando um valor maior é colocado no input",
              "fullTitle": "11 - Limite o tamanho mínimo e máximo do board. Verifica se a altura do board é 50 quando um valor maior é colocado no input",
              "timedOut": null,
              "duration": 4401,
              "state": "failed",
              "speed": null,
              "pass": false,
              "fail": true,
              "pending": false,
              "context": null,
              "code": "cy.get('#board-size').clear().type(51);\ncy.get('#generate-board').click();\ncy.get('.pixel').should('have.length', 2500);",
              "err": {
                "message": "CypressError: Timed out retrying: Expected to find element: '#board-size', but never found it.",
                "estack": "CypressError: Timed out retrying: Expected to find element: '#board-size', but never found it.\n    at cypressErr (http://localhost:35857/__cypress/runner/cypress_runner.js:149934:9)\n    at throwErr (http://localhost:35857/__cypress/runner/cypress_runner.js:149867:11)\n    at Object.throwErrByPath (http://localhost:35857/__cypress/runner/cypress_runner.js:149915:3)\n    at retry (http://localhost:35857/__cypress/runner/cypress_runner.js:144197:19)\n    at onFailFn (http://localhost:35857/__cypress/runner/cypress_runner.js:132448:16)\n    at tryCatcher (http://localhost:35857/__cypress/runner/cypress_runner.js:167415:23)\n    at Promise._settlePromiseFromHandler (http://localhost:35857/__cypress/runner/cypress_runner.js:165351:31)\n    at Promise._settlePromise (http://localhost:35857/__cypress/runner/cypress_runner.js:165408:18)\n    at Promise._settlePromise0 (http://localhost:35857/__cypress/runner/cypress_runner.js:165453:10)\n    at Promise._settlePromises (http://localhost:35857/__cypress/runner/cypress_runner.js:165528:18)\n    at Async../node_modules/bluebird/js/release/async.js.Async._drainQueue (http://localhost:35857/__cypress/runner/cypress_runner.js:162140:16)\n    at Async../node_modules/bluebird/js/release/async.js.Async._drainQueues (http://localhost:35857/__cypress/runner/cypress_runner.js:162150:10)\n    at Async.drainQueues (http://localhost:35857/__cypress/runner/cypress_runner.js:162024:14)",
                "diff": null
              },
              "uuid": "f5f591b5-7b0e-4f77-8fe8-6a90db08099f",
              "parentUUID": "8daeb68d-0b2c-4a2d-b6f9-bb0c3c983516",
              "isHook": false,
              "skipped": false
            }
          ],
          "suites": [],
          "passes": [],
          "failures": [
            "0655b4eb-172e-45c9-a5ed-43e25aa04fff",
            "11ac6ae0-5fe1-47e2-8866-6c2222a2ec08",
            "f5f591b5-7b0e-4f77-8fe8-6a90db08099f"
          ],
          "pending": [],
          "skipped": [],
          "duration": 13205,
          "root": false,
          "rootEmpty": false,
          "_timeout": 2000
        },
        {
          "uuid": "362692bb-8c82-49f1-a4cf-5ed48a7fe2ea",
          "title": "12 - Faça com que as cores da paleta sejam geradas aleatoriamente ao carregar a página.",
          "fullFile": "",
          "file": "",
          "beforeHooks": [],
          "afterHooks": [],
          "tests": [
            {
              "title": "Verifica se as cores geradas na paleta são diferentes a cada carregamento da página",
              "fullTitle": "12 - Faça com que as cores da paleta sejam geradas aleatoriamente ao carregar a página. Verifica se as cores geradas na paleta são diferentes a cada carregamento da página",
              "timedOut": null,
              "duration": 494,
              "state": "failed",
              "speed": null,
              "pass": false,
              "fail": true,
              "pending": false,
              "context": null,
              "code": "cy.get('.color').then(function (colors) {\n  var currentColors;\n  var previousColors;\n  previousColors = Array.from(colors).map(function (color) {\n    return Cypress.$(color).css('background-color');\n  });\n  for (var i = 0; i < 5; i += 1) {\n    cy.reload();\n    cy.get('.color').then(function (colors) {\n      currentColors = Array.from(colors).map(function (color) {\n        return Cypress.$(color).css('background-color');\n      });\n      expect(currentColors).not.to.deep.equal(previousColors);\n      previousColors = currentColors;\n    });\n  }\n});",
              "err": {
                "message": "AssertionError: expected [ Array(4) ] to not deeply equal [ Array(4) ]",
                "estack": "AssertionError: expected [ Array(4) ] to not deeply equal [ Array(4) ]\n    at getRet (http://localhost:35857/__cypress/runner/cypress_runner.js:136585:16)\n    at tryCatcher (http://localhost:35857/__cypress/runner/cypress_runner.js:167415:23)\n    at Function.Promise.attempt.Promise.try (http://localhost:35857/__cypress/runner/cypress_runner.js:164690:29)\n    at Context.thenFn (http://localhost:35857/__cypress/runner/cypress_runner.js:136599:23)\n    at Context.then (http://localhost:35857/__cypress/runner/cypress_runner.js:136971:21)\n    at Context.<anonymous> (http://localhost:35857/__cypress/runner/cypress_runner.js:148875:21)\n    at http://localhost:35857/__cypress/runner/cypress_runner.js:148351:33\n    at tryCatcher (http://localhost:35857/__cypress/runner/cypress_runner.js:167415:23)\n    at Promise._settlePromiseFromHandler (http://localhost:35857/__cypress/runner/cypress_runner.js:165351:31)\n    at Promise._settlePromise (http://localhost:35857/__cypress/runner/cypress_runner.js:165408:18)\n    at Promise._settlePromiseCtx (http://localhost:35857/__cypress/runner/cypress_runner.js:165445:10)\n    at Async../node_modules/bluebird/js/release/async.js.Async._drainQueue (http://localhost:35857/__cypress/runner/cypress_runner.js:162145:12)\n    at Async../node_modules/bluebird/js/release/async.js.Async._drainQueues (http://localhost:35857/__cypress/runner/cypress_runner.js:162150:10)\n    at Async.drainQueues (http://localhost:35857/__cypress/runner/cypress_runner.js:162024:14)",
                "diff": ""
              },
              "uuid": "7b8d880f-3777-4031-8baa-03c110bfbddc",
              "parentUUID": "362692bb-8c82-49f1-a4cf-5ed48a7fe2ea",
              "isHook": false,
              "skipped": false
            },
            {
              "title": "Verifica se a cor preta ainda está presente e é a primeira na sua paleta de cores",
              "fullTitle": "12 - Faça com que as cores da paleta sejam geradas aleatoriamente ao carregar a página. Verifica se a cor preta ainda está presente e é a primeira na sua paleta de cores",
              "timedOut": null,
              "duration": 410,
              "state": "failed",
              "speed": null,
              "pass": false,
              "fail": true,
              "pending": false,
              "context": null,
              "code": "cy.get('.color').then(function (colors) {\n  var currentColors;\n  var previousColors;\n  previousColors = Array.from(colors).map(function (color) {\n    return Cypress.$(color).css('background-color');\n  });\n  expect(previousColors[0]).to.eq(BLACK);\n  for (var i = 0; i < 5; i += 1) {\n    cy.reload();\n    cy.get('.color').then(function (colors) {\n      currentColors = Array.from(colors).map(function (color) {\n        return Cypress.$(color).css('background-color');\n      });\n      expect(currentColors[0]).to.eq(BLACK);\n      expect(currentColors).not.to.deep.equal(previousColors);\n      previousColors = currentColors;\n    });\n  }\n});",
              "err": {
                "message": "AssertionError: expected [ Array(4) ] to not deeply equal [ Array(4) ]",
                "estack": "AssertionError: expected [ Array(4) ] to not deeply equal [ Array(4) ]\n    at getRet (http://localhost:35857/__cypress/runner/cypress_runner.js:136585:16)\n    at tryCatcher (http://localhost:35857/__cypress/runner/cypress_runner.js:167415:23)\n    at Function.Promise.attempt.Promise.try (http://localhost:35857/__cypress/runner/cypress_runner.js:164690:29)\n    at Context.thenFn (http://localhost:35857/__cypress/runner/cypress_runner.js:136599:23)\n    at Context.then (http://localhost:35857/__cypress/runner/cypress_runner.js:136971:21)\n    at Context.<anonymous> (http://localhost:35857/__cypress/runner/cypress_runner.js:148875:21)\n    at http://localhost:35857/__cypress/runner/cypress_runner.js:148351:33\n    at tryCatcher (http://localhost:35857/__cypress/runner/cypress_runner.js:167415:23)\n    at Promise._settlePromiseFromHandler (http://localhost:35857/__cypress/runner/cypress_runner.js:165351:31)\n    at Promise._settlePromise (http://localhost:35857/__cypress/runner/cypress_runner.js:165408:18)\n    at Promise._settlePromiseCtx (http://localhost:35857/__cypress/runner/cypress_runner.js:165445:10)\n    at Async../node_modules/bluebird/js/release/async.js.Async._drainQueue (http://localhost:35857/__cypress/runner/cypress_runner.js:162145:12)\n    at Async../node_modules/bluebird/js/release/async.js.Async._drainQueues (http://localhost:35857/__cypress/runner/cypress_runner.js:162150:10)\n    at Async.drainQueues (http://localhost:35857/__cypress/runner/cypress_runner.js:162024:14)",
                "diff": ""
              },
              "uuid": "1371436d-e06a-457e-8880-da7c15c6174d",
              "parentUUID": "362692bb-8c82-49f1-a4cf-5ed48a7fe2ea",
              "isHook": false,
              "skipped": false
            }
          ],
          "suites": [],
          "passes": [],
          "failures": [
            "7b8d880f-3777-4031-8baa-03c110bfbddc",
            "1371436d-e06a-457e-8880-da7c15c6174d"
          ],
          "pending": [],
          "skipped": [],
          "duration": 904,
          "root": false,
          "rootEmpty": false,
          "_timeout": 2000
        }
      ],
      "passes": [],
      "failures": [],
      "pending": [],
      "skipped": [],
      "duration": 0,
      "root": true,
      "rootEmpty": true,
      "_timeout": 2000
    }
  ],
  "meta": {
    "mocha": {
      "version": "7.0.1"
    },
    "mochawesome": {
      "options": {
        "quiet": false,
        "reportFilename": "mochawesome",
        "saveHtml": false,
        "saveJson": true,
        "consoleReporter": "spec",
        "useInlineDiffs": false
      },
      "version": "4.1.0"
    },
    "marge": {
      "options": {
        "id": "default",
        "reportDir": "cypress/reports",
        "overwrite": true,
        "html": false,
        "json": true
      },
      "version": "4.1.0"
    }
  }
}